
Fatal error: Uncaught Error: Class "PitouFW\Core\Request" not found in /mnt/c/Users/Peter/Prog/web/pitoufw/public/index.php on line 20

Error: Class "PitouFW\Core\Request" not found in /mnt/c/Users/Peter/Prog/web/pitoufw/public/index.php on line 20

Call Stack:
    0.0012     390920   1. {main}() /mnt/c/Users/Peter/Prog/web/pitoufw/public/index.php:0

Mail #1 sent!
Mail #3 sent!
Done in 56 seconds.
Mail #1 sent!
Done in 57 seconds.
Mail #1 sent!
Mail #3 sent!
Mail #1 sent!
Done in 56 seconds.
Done in 55 seconds.
Done in 55 seconds.
Done in 55 seconds.
Done in 55 seconds.
Done in 55 seconds.
Done in 55 seconds.
Done in 55 seconds.
Done in 55 seconds.
Done in 55 seconds.
Done in 55 seconds.
Done in 55 seconds.
Done in 55 seconds.
Done in 55 seconds.
Done in 55 seconds.
Done in 55 seconds.
Done in 55 seconds.
Done in 55 seconds.
Done in 55 seconds.
Done in 55 seconds.
Done in 55 seconds.
Done in 55 seconds.
Done in 55 seconds.
Done in 55 seconds.
Done in 55 seconds.
Done in 55 seconds.
Done in 55 seconds.
Done in 55 seconds.
Done in 55 seconds.
Done in 55 seconds.
Done in 55 seconds.
Done in 55 seconds.
Done in 55 seconds.
Done in 55 seconds.
Done in 55 seconds.
Done in 55 seconds.
Done in 55 seconds.
Done in 55 seconds.
Done in 55 seconds.
Done in 55 seconds.
Done in 55 seconds.
Done in 55 seconds.
Done in 55 seconds.
Done in 55 seconds.
Done in 55 seconds.
Done in 55 seconds.
Done in 55 seconds.
Done in 55 seconds.
Done in 55 seconds.
Done in 55 seconds.
Done in 55 seconds.
Done in 55 seconds.
Done in 55 seconds.
Done in 55 seconds.
Done in 55 seconds.
Done in 55 seconds.
Done in 55 seconds.
Done in 55 seconds.
Done in 55 seconds.
Done in 55 seconds.
Done in 55 seconds.
Done in 55 seconds.
Done in 55 seconds.
Done in 55 seconds.
Done in 55 seconds.
Done in 55 seconds.
Done in 55 seconds.
Done in 55 seconds.
Done in 55 seconds.
Done in 55 seconds.
Done in 55 seconds.
Done in 55 seconds.
Done in 55 seconds.
Done in 55 seconds.
Done in 55 seconds.
Done in 25033 seconds.
Done in 55 seconds.
Done in 55 seconds.
Done in 55 seconds.
Done in 55 seconds.
Done in 55 seconds.
Done in 55 seconds.
Done in 55 seconds.
Done in 55 seconds.
Done in 55 seconds.
Done in 55 seconds.
Done in 55 seconds.
Done in 55 seconds.
Done in 55 seconds.
Done in 55 seconds.
Done in 55 seconds.
Done in 55 seconds.
Done in 55 seconds.
Done in 55 seconds.
Done in 55 seconds.
Done in 55 seconds.
Done in 55 seconds.
Done in 55 seconds.
Done in 55 seconds.
Done in 55 seconds.
Done in 55 seconds.
Done in 55 seconds.
Done in 55 seconds.
Done in 55 seconds.
Done in 55 seconds.
Done in 55 seconds.
Done in 55 seconds.
Done in 55 seconds.
Done in 55 seconds.
Done in 55 seconds.
Done in 55 seconds.
Done in 55 seconds.
Done in 55 seconds.
Done in 55 seconds.
Done in 55 seconds.
Done in 55 seconds.
Done in 55 seconds.
Done in 55 seconds.
Done in 55 seconds.
Done in 55 seconds.
Done in 55 seconds.
Done in 55 seconds.
Done in 55 seconds.
Done in 55 seconds.
Done in 55 seconds.
Done in 55 seconds.
Done in 55 seconds.
Done in 55 seconds.
Done in 55 seconds.
Done in 55 seconds.
Done in 56 seconds.
Done in 55 seconds.
Done in 55 seconds.
Done in 55 seconds.
Done in 55 seconds.
Done in 55 seconds.
Done in 55 seconds.
Done in 55 seconds.
Done in 55 seconds.
Done in 55 seconds.
Done in 55 seconds.
Done in 55 seconds.
Done in 55 seconds.
Done in 55 seconds.
Done in 55 seconds.
Done in 55 seconds.
Done in 55 seconds.
Done in 55 seconds.
Done in 55 seconds.
Done in 55 seconds.
Done in 55 seconds.
Done in 55 seconds.
Done in 55 seconds.
Done in 55 seconds.
Done in 55 seconds.
Done in 55 seconds.
Done in 55 seconds.
Done in 55 seconds.
Done in 55 seconds.
Done in 55 seconds.
Done in 55 seconds.
Done in 55 seconds.
Done in 55 seconds.
Done in 55 seconds.
Done in 55 seconds.
Done in 55 seconds.
Done in 55 seconds.
Done in 55 seconds.
Done in 55 seconds.
Done in 55 seconds.
Done in 55 seconds.
Done in 55 seconds.
Done in 55 seconds.
Done in 55 seconds.
Done in 55 seconds.
Done in 55 seconds.
Done in 55 seconds.
Done in 55 seconds.
Done in 55 seconds.
Done in 55 seconds.
Done in 55 seconds.
Done in 55 seconds.
Done in 55 seconds.
Done in 55 seconds.
Done in 55 seconds.
Done in 56 seconds.
Done in 55 seconds.
Done in 55 seconds.
Done in 55 seconds.
Done in 55 seconds.
Done in 55 seconds.
Done in 55 seconds.
Done in 55 seconds.
Done in 55 seconds.
Done in 55 seconds.
Done in 55 seconds.
Done in 55 seconds.
Done in 55 seconds.
Done in 55 seconds.
Done in 55 seconds.
Done in 55 seconds.
Done in 55 seconds.
Done in 55 seconds.
Done in 55 seconds.
Done in 55 seconds.
Done in 55 seconds.
Done in 55 seconds.
Done in 55 seconds.
Done in 55 seconds.
Done in 55 seconds.
Done in 55 seconds.
Done in 55 seconds.
Done in 55 seconds.
Done in 55 seconds.
Done in 55 seconds.
Done in 55 seconds.
Done in 55 seconds.
Done in 55 seconds.
Done in 55 seconds.
Done in 55 seconds.
Done in 55 seconds.
Done in 55 seconds.
Done in 55 seconds.
Done in 55 seconds.
Done in 55 seconds.
Done in 55 seconds.
Done in 55 seconds.
Done in 55 seconds.
Done in 55 seconds.
Done in 55 seconds.
